<?xml version="1.0" encoding="UTF-8"?>
<!-- Generated by org.testng.reporters.JUnitXMLReporter -->
<testsuite ignored="0" hostname="jo03mw485" failures="0" tests="5" name="Default test" time="204.813" errors="0" timestamp="2023-10-19T10:32:25 EEST">
  <testcase classname="Dewan.bookTransaction" name="makeGeneralaizationTest" time="23.539"/>
  <testcase classname="Dewan.bookTransaction" name="outGoingTest" time="25.183"/>
  <testcase classname="Dewan.bookTransaction" name="generalizationOfOutGoing" time="49.399"/>
  <testcase classname="Dewan.bookTransaction" name="incomingTest" time="54.28"/>
  <testcase classname="Dewan.bookTransaction" name="internalCorrespondenceTest" time="48.139"/>
</testsuite> <!-- Default test -->
