<?xml version="1.0" encoding="UTF-8"?>
<!-- Generated by org.testng.reporters.JUnitXMLReporter -->
<testsuite ignored="4" hostname="jo03mw485" failures="0" tests="1" name="Default test" time="59.84" errors="0" timestamp="2023-07-27T15:33:51 EEST">
  <testcase classname="Dewan.bookTransaction" name="incomingTest" time="58.654"/>
  <testcase classname="Dewan.bookTransaction" name="generalizationOfOutGoing" time="0.0">
    <ignored/>
  </testcase> <!-- generalizationOfOutGoing -->
  <testcase classname="Dewan.bookTransaction" name="outGoingTest" time="0.0">
    <ignored/>
  </testcase> <!-- outGoingTest -->
  <testcase classname="Dewan.bookTransaction" name="makeGeneralaizationTest" time="0.0">
    <ignored/>
  </testcase> <!-- makeGeneralaizationTest -->
  <testcase classname="Dewan.bookTransaction" name="internalCorrespondenceTest" time="0.0">
    <ignored/>
  </testcase> <!-- internalCorrespondenceTest -->
</testsuite> <!-- Default test -->
