<?xml version="1.0" encoding="UTF-8"?>
<testng-results ignored="0" total="1" passed="1" failed="0" skipped="0">
  <reporter-output>
  </reporter-output>
  <suite started-at="2023-07-27T15:32:52 EEST" name="Default suite" finished-at="2023-07-27T15:33:51 EEST" duration-ms="59840">
    <groups>
    </groups>
    <test started-at="2023-07-27T15:32:52 EEST" name="Default test" finished-at="2023-07-27T15:33:51 EEST" duration-ms="59840">
      <class name="Dewan.bookTransaction">
        <test-method is-config="true" signature="beforeLogin()[pri:0, instance:Dewan.bookTransaction@6d467c87]" started-at="2023-07-27T15:32:52 EEST" name="beforeLogin" finished-at="2023-07-27T15:32:53 EEST" duration-ms="1160" status="PASS">
          <reporter-output>
          </reporter-output>
        </test-method> <!-- beforeLogin -->
        <test-method signature="incomingTest()[pri:4, instance:Dewan.bookTransaction@6d467c87]" started-at="2023-07-27T15:32:53 EEST" name="incomingTest" finished-at="2023-07-27T15:33:51 EEST" duration-ms="58654" status="PASS">
          <reporter-output>
          </reporter-output>
        </test-method> <!-- incomingTest -->
      </class> <!-- Dewan.bookTransaction -->
    </test> <!-- Default test -->
  </suite> <!-- Default suite -->
</testng-results>
